{
  "stats": {
    "suites": 1,
    "tests": 3,
    "passes": 3,
    "pending": 0,
    "failures": 0,
    "start": "2021-06-04T17:21:11.453Z",
    "end": "2021-06-04T17:21:13.987Z",
    "duration": 2534,
    "testsRegistered": 3,
    "passPercent": 100,
    "pendingPercent": 0,
    "other": 0,
    "hasOther": false,
    "skipped": 0,
    "hasSkipped": false
  },
  "results": [
    {
      "uuid": "4e56147a-5275-4d19-9e71-e7e64e9001e2",
      "title": "",
      "fullFile": "cypress/integration/client-specs.js",
      "file": "cypress/integration/client-specs.js",
      "beforeHooks": [],
      "afterHooks": [],
      "tests": [],
      "suites": [
        {
          "uuid": "a6b313fc-118a-48c7-a69a-5c23b3a8d18a",
          "title": "Create a new client",
          "fullFile": "",
          "file": "",
          "beforeHooks": [],
          "afterHooks": [],
          "tests": [
            {
              "title": "New Client",
              "fullTitle": "Create a new client New Client",
              "timedOut": null,
              "duration": 733,
              "state": "passed",
              "speed": "slow",
              "pass": true,
              "fail": false,
              "pending": false,
              "context": null,
              "code": "clientHelpers.createClientRequest(cy);",
              "err": {},
              "uuid": "23e581c5-f416-4cfc-846a-2db8c2ef86da",
              "parentUUID": "a6b313fc-118a-48c7-a69a-5c23b3a8d18a",
              "isHook": false,
              "skipped": false
            },
            {
              "title": "Get all Clients",
              "fullTitle": "Create a new client Get all Clients",
              "timedOut": null,
              "duration": 802,
              "state": "passed",
              "speed": "slow",
              "pass": true,
              "fail": false,
              "pending": false,
              "context": null,
              "code": "clientHelpers.getAllClientsRequest(cy);",
              "err": {},
              "uuid": "682debb2-cc50-4257-94e8-d90d345859c6",
              "parentUUID": "a6b313fc-118a-48c7-a69a-5c23b3a8d18a",
              "isHook": false,
              "skipped": false
            },
            {
              "title": "Delete Client",
              "fullTitle": "Create a new client Delete Client",
              "timedOut": null,
              "duration": 869,
              "state": "passed",
              "speed": "slow",
              "pass": true,
              "fail": false,
              "pending": false,
              "context": null,
              "code": "clientHelpers.createClientRequestAndDelete(cy);",
              "err": {},
              "uuid": "8db3a475-d9f0-4580-9639-e8e493d23cc4",
              "parentUUID": "a6b313fc-118a-48c7-a69a-5c23b3a8d18a",
              "isHook": false,
              "skipped": false
            }
          ],
          "suites": [],
          "passes": [
            "23e581c5-f416-4cfc-846a-2db8c2ef86da",
            "682debb2-cc50-4257-94e8-d90d345859c6",
            "8db3a475-d9f0-4580-9639-e8e493d23cc4"
          ],
          "failures": [],
          "pending": [],
          "skipped": [],
          "duration": 2404,
          "root": false,
          "rootEmpty": false,
          "_timeout": 2000
        }
      ],
      "passes": [],
      "failures": [],
      "pending": [],
      "skipped": [],
      "duration": 0,
      "root": true,
      "rootEmpty": true,
      "_timeout": 2000
    }
  ],
  "meta": {
    "mocha": {
      "version": "7.0.1"
    },
    "mochawesome": {
      "options": {
        "quiet": false,
        "reportFilename": "mochawesome",
        "saveHtml": false,
        "saveJson": true,
        "consoleReporter": "spec",
        "useInlineDiffs": false,
        "code": true
      },
      "version": "6.2.2"
    },
    "marge": {
      "options": {
        "charts": true,
        "overwrite": false,
        "html": false,
        "json": true,
        "reportDir": "cypress/report/mochawesome-report"
      },
      "version": "5.2.0"
    }
  }
}