{
  "stats": {
    "suites": 1,
    "tests": 3,
    "passes": 3,
    "pending": 0,
    "failures": 0,
    "start": "2021-06-03T21:02:35.681Z",
    "end": "2021-06-03T21:02:37.887Z",
    "duration": 2206,
    "testsRegistered": 3,
    "passPercent": 100,
    "pendingPercent": 0,
    "other": 0,
    "hasOther": false,
    "skipped": 0,
    "hasSkipped": false
  },
  "results": [
    {
      "uuid": "7456c93a-e67f-4638-a850-341e5820fa5c",
      "title": "",
      "fullFile": "cypress/integration/client-specs.js",
      "file": "cypress/integration/client-specs.js",
      "beforeHooks": [],
      "afterHooks": [],
      "tests": [],
      "suites": [
        {
          "uuid": "c994eefa-0dac-4f1e-93ee-7832c0c7f825",
          "title": "Create a new client",
          "fullFile": "",
          "file": "",
          "beforeHooks": [],
          "afterHooks": [],
          "tests": [
            {
              "title": "New Client",
              "fullTitle": "Create a new client New Client",
              "timedOut": null,
              "duration": 729,
              "state": "passed",
              "speed": "slow",
              "pass": true,
              "fail": false,
              "pending": false,
              "context": null,
              "code": "clientHelpers.createClientRequest(cy);",
              "err": {},
              "uuid": "de20692f-9f4a-401d-bd18-b09a8896f985",
              "parentUUID": "c994eefa-0dac-4f1e-93ee-7832c0c7f825",
              "isHook": false,
              "skipped": false
            },
            {
              "title": "Get all Clients",
              "fullTitle": "Create a new client Get all Clients",
              "timedOut": null,
              "duration": 659,
              "state": "passed",
              "speed": "slow",
              "pass": true,
              "fail": false,
              "pending": false,
              "context": null,
              "code": "clientHelpers.getAllClientsRequest(cy);",
              "err": {},
              "uuid": "961a8488-c4aa-4cc9-85d8-afe5b8c515a3",
              "parentUUID": "c994eefa-0dac-4f1e-93ee-7832c0c7f825",
              "isHook": false,
              "skipped": false
            },
            {
              "title": "Delete Client",
              "fullTitle": "Create a new client Delete Client",
              "timedOut": null,
              "duration": 681,
              "state": "passed",
              "speed": "slow",
              "pass": true,
              "fail": false,
              "pending": false,
              "context": null,
              "code": "clientHelpers.createClientRequestAndDelete(cy);",
              "err": {},
              "uuid": "742eae71-f11b-4293-9ec0-a673e0ca9522",
              "parentUUID": "c994eefa-0dac-4f1e-93ee-7832c0c7f825",
              "isHook": false,
              "skipped": false
            }
          ],
          "suites": [],
          "passes": [
            "de20692f-9f4a-401d-bd18-b09a8896f985",
            "961a8488-c4aa-4cc9-85d8-afe5b8c515a3",
            "742eae71-f11b-4293-9ec0-a673e0ca9522"
          ],
          "failures": [],
          "pending": [],
          "skipped": [],
          "duration": 2069,
          "root": false,
          "rootEmpty": false,
          "_timeout": 2000
        }
      ],
      "passes": [],
      "failures": [],
      "pending": [],
      "skipped": [],
      "duration": 0,
      "root": true,
      "rootEmpty": true,
      "_timeout": 2000
    }
  ],
  "meta": {
    "mocha": {
      "version": "7.0.1"
    },
    "mochawesome": {
      "options": {
        "quiet": false,
        "reportFilename": "mochawesome",
        "saveHtml": false,
        "saveJson": true,
        "consoleReporter": "spec",
        "useInlineDiffs": false,
        "code": true
      },
      "version": "6.2.2"
    },
    "marge": {
      "options": {
        "charts": true,
        "overwrite": false,
        "html": false,
        "json": true,
        "reportDir": "cypress/report/mochawesome-report"
      },
      "version": "5.2.0"
    }
  }
}