{
  "stats": {
    "suites": 1,
    "tests": 4,
    "passes": 4,
    "pending": 0,
    "failures": 0,
    "start": "2021-06-03T20:36:11.563Z",
    "end": "2021-06-03T20:36:18.113Z",
    "duration": 6550,
    "testsRegistered": 4,
    "passPercent": 100,
    "pendingPercent": 0,
    "other": 0,
    "hasOther": false,
    "skipped": 0,
    "hasSkipped": false
  },
  "results": [
    {
      "uuid": "94c9c4a0-0543-4ef4-a743-16948c048343",
      "title": "",
      "fullFile": "cypress/integration/bill-specs.js",
      "file": "cypress/integration/bill-specs.js",
      "beforeHooks": [],
      "afterHooks": [],
      "tests": [],
      "suites": [
        {
          "uuid": "90b6d94c-2c99-4590-912a-da927f028cad",
          "title": "Testing bills",
          "fullFile": "",
          "file": "",
          "beforeHooks": [],
          "afterHooks": [],
          "tests": [
            {
              "title": "Get Bills",
              "fullTitle": "Testing bills Get Bills",
              "timedOut": null,
              "duration": 1502,
              "state": "passed",
              "speed": "slow",
              "pass": true,
              "fail": false,
              "pending": false,
              "context": null,
              "code": "billHelpers.getRequestAllBillsWithAssertion(cy, 4500, false);\nlogInLogOutHelper.logOut(cy);",
              "err": {},
              "uuid": "686811ef-7b75-462d-b668-0ce3835f837b",
              "parentUUID": "90b6d94c-2c99-4590-912a-da927f028cad",
              "isHook": false,
              "skipped": false
            },
            {
              "title": "Create new Bill",
              "fullTitle": "Testing bills Create new Bill",
              "timedOut": null,
              "duration": 1637,
              "state": "passed",
              "speed": "slow",
              "pass": true,
              "fail": false,
              "pending": false,
              "context": null,
              "code": "billHelpers.createBillsRequest(cy);\nlogInLogOutHelper.logOut(cy);",
              "err": {},
              "uuid": "215988b3-e078-4105-9f80-379078173e0f",
              "parentUUID": "90b6d94c-2c99-4590-912a-da927f028cad",
              "isHook": false,
              "skipped": false
            },
            {
              "title": "Delete Bill",
              "fullTitle": "Testing bills Delete Bill",
              "timedOut": null,
              "duration": 2211,
              "state": "passed",
              "speed": "slow",
              "pass": true,
              "fail": false,
              "pending": false,
              "context": null,
              "code": "billHelpers.createBillRequestAndDelete(cy);\nlogInLogOutHelper.logOut(cy);",
              "err": {},
              "uuid": "dbe7b9c0-8eed-474f-94ed-520f22cdfa38",
              "parentUUID": "90b6d94c-2c99-4590-912a-da927f028cad",
              "isHook": false,
              "skipped": false
            },
            {
              "title": "Edit Bill",
              "fullTitle": "Testing bills Edit Bill",
              "timedOut": null,
              "duration": 1073,
              "state": "passed",
              "speed": "slow",
              "pass": true,
              "fail": false,
              "pending": false,
              "context": null,
              "code": "billHelpers.createBillRequestAndEdit(cy);\nlogInLogOutHelper.logOut(cy);",
              "err": {},
              "uuid": "99855411-eb46-4373-916c-142b7df3c783",
              "parentUUID": "90b6d94c-2c99-4590-912a-da927f028cad",
              "isHook": false,
              "skipped": false
            }
          ],
          "suites": [],
          "passes": [
            "686811ef-7b75-462d-b668-0ce3835f837b",
            "215988b3-e078-4105-9f80-379078173e0f",
            "dbe7b9c0-8eed-474f-94ed-520f22cdfa38",
            "99855411-eb46-4373-916c-142b7df3c783"
          ],
          "failures": [],
          "pending": [],
          "skipped": [],
          "duration": 6423,
          "root": false,
          "rootEmpty": false,
          "_timeout": 2000
        }
      ],
      "passes": [],
      "failures": [],
      "pending": [],
      "skipped": [],
      "duration": 0,
      "root": true,
      "rootEmpty": true,
      "_timeout": 2000
    }
  ],
  "meta": {
    "mocha": {
      "version": "7.0.1"
    },
    "mochawesome": {
      "options": {
        "quiet": false,
        "reportFilename": "mochawesome",
        "saveHtml": false,
        "saveJson": true,
        "consoleReporter": "spec",
        "useInlineDiffs": false,
        "code": true
      },
      "version": "6.2.2"
    },
    "marge": {
      "options": {
        "charts": true,
        "overwrite": false,
        "html": false,
        "json": true,
        "reportDir": "cypress/report/mochawesome-report"
      },
      "version": "5.2.0"
    }
  }
}