{
  "stats": {
    "suites": 1,
    "tests": 4,
    "passes": 2,
    "pending": 0,
    "failures": 2,
    "start": "2021-06-03T20:35:12.893Z",
    "end": "2021-06-03T20:35:19.170Z",
    "duration": 6277,
    "testsRegistered": 4,
    "passPercent": 50,
    "pendingPercent": 0,
    "other": 0,
    "hasOther": false,
    "skipped": 0,
    "hasSkipped": false
  },
  "results": [
    {
      "uuid": "9ab08902-c4ed-45ea-a2a7-1508a2c1cb96",
      "title": "",
      "fullFile": "cypress/integration/bill-specs.js",
      "file": "cypress/integration/bill-specs.js",
      "beforeHooks": [],
      "afterHooks": [],
      "tests": [],
      "suites": [
        {
          "uuid": "3119d40f-f20a-45e6-993f-5c41e8b1209f",
          "title": "Testing bills",
          "fullFile": "",
          "file": "",
          "beforeHooks": [],
          "afterHooks": [],
          "tests": [
            {
              "title": "Get Bills",
              "fullTitle": "Testing bills Get Bills",
              "timedOut": null,
              "duration": 879,
              "state": "passed",
              "speed": "slow",
              "pass": true,
              "fail": false,
              "pending": false,
              "context": null,
              "code": "billHelpers.getRequestAllBillsWithAssertion(cy, 4500, false);\nlogInLogOutHelper.logOut(cy);",
              "err": {},
              "uuid": "f8cec4ac-0ee9-4e17-a8ee-08ab11d151b5",
              "parentUUID": "3119d40f-f20a-45e6-993f-5c41e8b1209f",
              "isHook": false,
              "skipped": false
            },
            {
              "title": "Create new Bill",
              "fullTitle": "Testing bills Create new Bill",
              "timedOut": null,
              "duration": 1313,
              "state": "passed",
              "speed": "slow",
              "pass": true,
              "fail": false,
              "pending": false,
              "context": null,
              "code": "billHelpers.createBillsRequest(cy);\nlogInLogOutHelper.logOut(cy);",
              "err": {},
              "uuid": "69fa13dc-dc98-4716-b951-543028441ca4",
              "parentUUID": "3119d40f-f20a-45e6-993f-5c41e8b1209f",
              "isHook": false,
              "skipped": false
            },
            {
              "title": "Delete Bill",
              "fullTitle": "Testing bills Delete Bill",
              "timedOut": null,
              "duration": 1898,
              "state": "failed",
              "speed": null,
              "pass": false,
              "fail": true,
              "pending": false,
              "context": null,
              "code": "billHelpers.createBillRequestAndDelete(cy);\nlogInLogOutHelper.logOut(cy);",
              "err": {
                "message": "CypressError: `cy.request()` failed on:\n\nhttp://localhost:3000/api/bill/null\n\nThe response we received from your web server was:\n\n  > 401: Unauthorized\n\nThis was considered a failure because the status code was not `2xx` or `3xx`.\n\nIf you do not want status codes to cause failures pass the option: `failOnStatusCode: false`\n\n-----------------------------------------------------------\n\nThe request we sent was:\n\nMethod: DELETE\nURL: http://localhost:3000/api/bill/null\nHeaders: {\n  \"Connection\": \"keep-alive\",\n  \"X-User-Auth\": \"{\\\"username\\\":\\\"tester01\\\",\\\"token\\\":\\\"cce5767c2868dd504dfd446b6fafdaa4\\\"}\",\n  \"Content-Type\": \"application/json\",\n  \"user-agent\": \"Mozilla/5.0 (X11; Linux x86_64) AppleWebKit/537.36 (KHTML, like Gecko) Cypress/7.2.0 Chrome/89.0.4328.0 Electron/12.0.0-beta.14 Safari/537.36\",\n  \"accept\": \"*/*\",\n  \"accept-encoding\": \"gzip, deflate\",\n  \"content-length\": 0\n}\n\n-----------------------------------------------------------\n\nThe response we got was:\n\nStatus: 401 - Unauthorized\nHeaders: {\n  \"x-powered-by\": \"Express\",\n  \"access-control-allow-origin\": \"*\",\n  \"access-control-allow-headers\": \"Origin, X-Requested-With, Content-Type, Accept\",\n  \"content-type\": \"text/plain; charset=utf-8\",\n  \"content-length\": \"12\",\n  \"etag\": \"W/\\\"c-dAuDFQrdjS3hezqxDTNgW7AOlYk\\\"\",\n  \"date\": \"Thu, 03 Jun 2021 20:35:15 GMT\",\n  \"connection\": \"keep-alive\",\n  \"keep-alive\": \"timeout=5\"\n}\nBody: Unauthorized\n\n\nhttps://on.cypress.io/request",
                "estack": "CypressError: `cy.request()` failed on:\n\nhttp://localhost:3000/api/bill/null\n\nThe response we received from your web server was:\n\n  > 401: Unauthorized\n\nThis was considered a failure because the status code was not `2xx` or `3xx`.\n\nIf you do not want status codes to cause failures pass the option: `failOnStatusCode: false`\n\n-----------------------------------------------------------\n\nThe request we sent was:\n\nMethod: DELETE\nURL: http://localhost:3000/api/bill/null\nHeaders: {\n  \"Connection\": \"keep-alive\",\n  \"X-User-Auth\": \"{\\\"username\\\":\\\"tester01\\\",\\\"token\\\":\\\"cce5767c2868dd504dfd446b6fafdaa4\\\"}\",\n  \"Content-Type\": \"application/json\",\n  \"user-agent\": \"Mozilla/5.0 (X11; Linux x86_64) AppleWebKit/537.36 (KHTML, like Gecko) Cypress/7.2.0 Chrome/89.0.4328.0 Electron/12.0.0-beta.14 Safari/537.36\",\n  \"accept\": \"*/*\",\n  \"accept-encoding\": \"gzip, deflate\",\n  \"content-length\": 0\n}\n\n-----------------------------------------------------------\n\nThe response we got was:\n\nStatus: 401 - Unauthorized\nHeaders: {\n  \"x-powered-by\": \"Express\",\n  \"access-control-allow-origin\": \"*\",\n  \"access-control-allow-headers\": \"Origin, X-Requested-With, Content-Type, Accept\",\n  \"content-type\": \"text/plain; charset=utf-8\",\n  \"content-length\": \"12\",\n  \"etag\": \"W/\\\"c-dAuDFQrdjS3hezqxDTNgW7AOlYk\\\"\",\n  \"date\": \"Thu, 03 Jun 2021 20:35:15 GMT\",\n  \"connection\": \"keep-alive\",\n  \"keep-alive\": \"timeout=5\"\n}\nBody: Unauthorized\n\n\nhttps://on.cypress.io/request\n    at http://localhost:43963/__cypress/runner/cypress_runner.js:139756:21\n    at tryCatcher (http://localhost:43963/__cypress/runner/cypress_runner.js:10791:23)\n    at Promise._settlePromiseFromHandler (http://localhost:43963/__cypress/runner/cypress_runner.js:8726:31)\n    at Promise._settlePromise (http://localhost:43963/__cypress/runner/cypress_runner.js:8783:18)\n    at Promise._settlePromise0 (http://localhost:43963/__cypress/runner/cypress_runner.js:8828:10)\n    at Promise._settlePromises (http://localhost:43963/__cypress/runner/cypress_runner.js:8908:18)\n    at _drainQueueStep (http://localhost:43963/__cypress/runner/cypress_runner.js:5498:12)\n    at _drainQueue (http://localhost:43963/__cypress/runner/cypress_runner.js:5491:9)\n    at Async.../../node_modules/bluebird/js/release/async.js.Async._drainQueues (http://localhost:43963/__cypress/runner/cypress_runner.js:5507:5)\n    at Async.drainQueues (http://localhost:43963/__cypress/runner/cypress_runner.js:5377:14)\nFrom Your Spec Code:\n    at Context.eval (http://localhost:43963/__cypress/tests?p=cypress/integration/bill-specs.js:324:7)",
                "diff": null
              },
              "uuid": "32b2a157-122a-4698-9fd7-661d13143a7a",
              "parentUUID": "3119d40f-f20a-45e6-993f-5c41e8b1209f",
              "isHook": false,
              "skipped": false
            },
            {
              "title": "Edit Bill",
              "fullTitle": "Testing bills Edit Bill",
              "timedOut": null,
              "duration": 1645,
              "state": "failed",
              "speed": null,
              "pass": false,
              "fail": true,
              "pending": false,
              "context": null,
              "code": "billHelpers.createBillRequestAndEdit(cy);\nlogInLogOutHelper.logOut(cy);",
              "err": {
                "message": "CypressError: `cy.request()` failed on:\n\nhttp://localhost:3000/api/bill/null\n\nThe response we received from your web server was:\n\n  > 401: Unauthorized\n\nThis was considered a failure because the status code was not `2xx` or `3xx`.\n\nIf you do not want status codes to cause failures pass the option: `failOnStatusCode: false`\n\n-----------------------------------------------------------\n\nThe request we sent was:\n\nMethod: PUT\nURL: http://localhost:3000/api/bill/null\nHeaders: {\n  \"Connection\": \"keep-alive\",\n  \"X-User-Auth\": \"{\\\"username\\\":\\\"tester01\\\",\\\"token\\\":\\\"abb14c99a0b4bd51ecc84cf61b8aba0b\\\"}\",\n  \"Content-Type\": \"application/json\",\n  \"user-agent\": \"Mozilla/5.0 (X11; Linux x86_64) AppleWebKit/537.36 (KHTML, like Gecko) Cypress/7.2.0 Chrome/89.0.4328.0 Electron/12.0.0-beta.14 Safari/537.36\",\n  \"accept\": \"*/*\",\n  \"accept-encoding\": \"gzip, deflate\",\n  \"content-length\": 29\n}\nBody: {\"value\":\"33333\",\"paid\":true}\n\n-----------------------------------------------------------\n\nThe response we got was:\n\nStatus: 401 - Unauthorized\nHeaders: {\n  \"x-powered-by\": \"Express\",\n  \"access-control-allow-origin\": \"*\",\n  \"access-control-allow-headers\": \"Origin, X-Requested-With, Content-Type, Accept\",\n  \"content-type\": \"text/plain; charset=utf-8\",\n  \"content-length\": \"12\",\n  \"etag\": \"W/\\\"c-dAuDFQrdjS3hezqxDTNgW7AOlYk\\\"\",\n  \"date\": \"Thu, 03 Jun 2021 20:35:18 GMT\",\n  \"connection\": \"keep-alive\",\n  \"keep-alive\": \"timeout=5\"\n}\nBody: Unauthorized\n\n\nhttps://on.cypress.io/request",
                "estack": "CypressError: `cy.request()` failed on:\n\nhttp://localhost:3000/api/bill/null\n\nThe response we received from your web server was:\n\n  > 401: Unauthorized\n\nThis was considered a failure because the status code was not `2xx` or `3xx`.\n\nIf you do not want status codes to cause failures pass the option: `failOnStatusCode: false`\n\n-----------------------------------------------------------\n\nThe request we sent was:\n\nMethod: PUT\nURL: http://localhost:3000/api/bill/null\nHeaders: {\n  \"Connection\": \"keep-alive\",\n  \"X-User-Auth\": \"{\\\"username\\\":\\\"tester01\\\",\\\"token\\\":\\\"abb14c99a0b4bd51ecc84cf61b8aba0b\\\"}\",\n  \"Content-Type\": \"application/json\",\n  \"user-agent\": \"Mozilla/5.0 (X11; Linux x86_64) AppleWebKit/537.36 (KHTML, like Gecko) Cypress/7.2.0 Chrome/89.0.4328.0 Electron/12.0.0-beta.14 Safari/537.36\",\n  \"accept\": \"*/*\",\n  \"accept-encoding\": \"gzip, deflate\",\n  \"content-length\": 29\n}\nBody: {\"value\":\"33333\",\"paid\":true}\n\n-----------------------------------------------------------\n\nThe response we got was:\n\nStatus: 401 - Unauthorized\nHeaders: {\n  \"x-powered-by\": \"Express\",\n  \"access-control-allow-origin\": \"*\",\n  \"access-control-allow-headers\": \"Origin, X-Requested-With, Content-Type, Accept\",\n  \"content-type\": \"text/plain; charset=utf-8\",\n  \"content-length\": \"12\",\n  \"etag\": \"W/\\\"c-dAuDFQrdjS3hezqxDTNgW7AOlYk\\\"\",\n  \"date\": \"Thu, 03 Jun 2021 20:35:18 GMT\",\n  \"connection\": \"keep-alive\",\n  \"keep-alive\": \"timeout=5\"\n}\nBody: Unauthorized\n\n\nhttps://on.cypress.io/request\n    at http://localhost:43963/__cypress/runner/cypress_runner.js:139756:21\n    at tryCatcher (http://localhost:43963/__cypress/runner/cypress_runner.js:10791:23)\n    at Promise._settlePromiseFromHandler (http://localhost:43963/__cypress/runner/cypress_runner.js:8726:31)\n    at Promise._settlePromise (http://localhost:43963/__cypress/runner/cypress_runner.js:8783:18)\n    at Promise._settlePromise0 (http://localhost:43963/__cypress/runner/cypress_runner.js:8828:10)\n    at Promise._settlePromises (http://localhost:43963/__cypress/runner/cypress_runner.js:8908:18)\n    at _drainQueueStep (http://localhost:43963/__cypress/runner/cypress_runner.js:5498:12)\n    at _drainQueue (http://localhost:43963/__cypress/runner/cypress_runner.js:5491:9)\n    at Async.../../node_modules/bluebird/js/release/async.js.Async._drainQueues (http://localhost:43963/__cypress/runner/cypress_runner.js:5507:5)\n    at Async.drainQueues (http://localhost:43963/__cypress/runner/cypress_runner.js:5377:14)\nFrom Your Spec Code:\n    at Context.eval (http://localhost:43963/__cypress/tests?p=cypress/integration/bill-specs.js:351:7)",
                "diff": null
              },
              "uuid": "a4528650-1499-4490-ba20-46a59e65d9b3",
              "parentUUID": "3119d40f-f20a-45e6-993f-5c41e8b1209f",
              "isHook": false,
              "skipped": false
            }
          ],
          "suites": [],
          "passes": [
            "f8cec4ac-0ee9-4e17-a8ee-08ab11d151b5",
            "69fa13dc-dc98-4716-b951-543028441ca4"
          ],
          "failures": [
            "32b2a157-122a-4698-9fd7-661d13143a7a",
            "a4528650-1499-4490-ba20-46a59e65d9b3"
          ],
          "pending": [],
          "skipped": [],
          "duration": 5735,
          "root": false,
          "rootEmpty": false,
          "_timeout": 2000
        }
      ],
      "passes": [],
      "failures": [],
      "pending": [],
      "skipped": [],
      "duration": 0,
      "root": true,
      "rootEmpty": true,
      "_timeout": 2000
    }
  ],
  "meta": {
    "mocha": {
      "version": "7.0.1"
    },
    "mochawesome": {
      "options": {
        "quiet": false,
        "reportFilename": "mochawesome",
        "saveHtml": false,
        "saveJson": true,
        "consoleReporter": "spec",
        "useInlineDiffs": false,
        "code": true
      },
      "version": "6.2.2"
    },
    "marge": {
      "options": {
        "charts": true,
        "overwrite": false,
        "html": false,
        "json": true,
        "reportDir": "cypress/report/mochawesome-report"
      },
      "version": "5.2.0"
    }
  }
}